Vivado Simulator v2025.2
Copyright 1986-2022 Xilinx, Inc. All Rights Reserved.
Copyright 2022-2025 Advanced Micro Devices, Inc. All Rights Reserved.
Running: C:/vivado/2025.2/Vivado/bin/unwrapped/win64.o/xelab.exe --incr --debug typical --relax --mt 2 -L xil_defaultlib -L uvm -L unisims_ver -L unimacro_ver -L secureip --snapshot tb_mat_mul_behav xil_defaultlib.tb_mat_mul xil_defaultlib.glbl -log elaborate.log 
Using 2 slave threads.
Starting static elaboration
Pass Through NonSizing Optimizer
Completed static elaboration
Starting simulation data flow analysis
WARNING: [XSIM 43-4099] "D:/RISC-V/sys_arr_matmul_rev2/sys_arr_matmul_rev2.srcs/sources_1/new/mat_mul.sv" Line 1. Module mat_mul doesn't have a timescale but at least one module in design has a timescale.
WARNING: [XSIM 43-4099] "D:/RISC-V/sys_arr_matmul_rev2/sys_arr_matmul_rev2.srcs/sources_1/new/pe_block.sv" Line 1. Module pe_block doesn't have a timescale but at least one module in design has a timescale.
WARNING: [XSIM 43-4099] "D:/RISC-V/sys_arr_matmul_rev2/sys_arr_matmul_rev2.srcs/sources_1/new/pe_block.sv" Line 1. Module pe_block doesn't have a timescale but at least one module in design has a timescale.
WARNING: [XSIM 43-4099] "D:/RISC-V/sys_arr_matmul_rev2/sys_arr_matmul_rev2.srcs/sources_1/new/pe_block.sv" Line 1. Module pe_block doesn't have a timescale but at least one module in design has a timescale.
WARNING: [XSIM 43-4099] "D:/RISC-V/sys_arr_matmul_rev2/sys_arr_matmul_rev2.srcs/sources_1/new/pe_block.sv" Line 1. Module pe_block doesn't have a timescale but at least one module in design has a timescale.
Completed simulation data flow analysis
Time Resolution for simulation is 1ps
Compiling module xil_defaultlib.pe_block
Compiling module xil_defaultlib.mat_mul
Compiling module xil_defaultlib.tb_mat_mul
Compiling module xil_defaultlib.glbl
Built simulation snapshot tb_mat_mul_behav
